0 info it worked if it ends with ok
1 verbose cli [ '/usr/local/bin/node',
1 verbose cli   '/usr/local/bin/npm',
1 verbose cli   'run',
1 verbose cli   'build-start' ]
2 info using npm@4.1.2
3 info using node@v7.7.2
4 verbose run-script [ 'prebuild-start', 'build-start', 'postbuild-start' ]
5 info lifecycle application-name@0.0.1~prebuild-start: application-name@0.0.1
6 silly lifecycle application-name@0.0.1~prebuild-start: no script for prebuild-start, continuing
7 info lifecycle application-name@0.0.1~build-start: application-name@0.0.1
8 verbose lifecycle application-name@0.0.1~build-start: unsafe-perm in lifecycle true
9 verbose lifecycle application-name@0.0.1~build-start: PATH: /usr/local/lib/node_modules/npm/bin/node-gyp-bin:/Users/markmckelvy/Code/personalsite/node_modules/.bin:/Library/Frameworks/Python.framework/Versions/3.5/bin:/Users/markmckelvy/.stack/programs/x86_64-osx/ghc-7.10.3/bin:/usr/local/bin:/usr/bin:/bin:/usr/sbin:/sbin:/Applications/Postgres.app/Contents/Versions/latest/bin
10 verbose lifecycle application-name@0.0.1~build-start: CWD: /Users/markmckelvy/Code/personalsite
11 silly lifecycle application-name@0.0.1~build-start: Args: [ '-c', 'npm run build-css & npm run start' ]
12 silly lifecycle application-name@0.0.1~build-start: Returned: code: 1  signal: null
13 info lifecycle application-name@0.0.1~build-start: Failed to exec build-start script
14 verbose stack Error: application-name@0.0.1 build-start: `npm run build-css & npm run start`
14 verbose stack Exit status 1
14 verbose stack     at EventEmitter.<anonymous> (/usr/local/lib/node_modules/npm/lib/utils/lifecycle.js:279:16)
14 verbose stack     at emitTwo (events.js:106:13)
14 verbose stack     at EventEmitter.emit (events.js:194:7)
14 verbose stack     at ChildProcess.<anonymous> (/usr/local/lib/node_modules/npm/lib/utils/spawn.js:40:14)
14 verbose stack     at emitTwo (events.js:106:13)
14 verbose stack     at ChildProcess.emit (events.js:194:7)
14 verbose stack     at maybeClose (internal/child_process.js:899:16)
14 verbose stack     at Process.ChildProcess._handle.onexit (internal/child_process.js:226:5)
15 verbose pkgid application-name@0.0.1
16 verbose cwd /Users/markmckelvy/Code/personalsite
17 error Darwin 16.4.0
18 error argv "/usr/local/bin/node" "/usr/local/bin/npm" "run" "build-start"
19 error node v7.7.2
20 error npm  v4.1.2
21 error code ELIFECYCLE
22 error application-name@0.0.1 build-start: `npm run build-css & npm run start`
22 error Exit status 1
23 error Failed at the application-name@0.0.1 build-start script 'npm run build-css & npm run start'.
23 error Make sure you have the latest version of node.js and npm installed.
23 error If you do, this is most likely a problem with the application-name package,
23 error not with npm itself.
23 error Tell the author that this fails on your system:
23 error     npm run build-css & npm run start
23 error You can get information on how to open an issue for this project with:
23 error     npm bugs application-name
23 error Or if that isn't available, you can get their info via:
23 error     npm owner ls application-name
23 error There is likely additional logging output above.
24 verbose exit [ 1, true ]
